F:\wood house 1403\29_mr_talebizade-1403.12.20\2D_CAD\mr_talebi_tv.dwg,Model,5/25/2025 09:30:43,asus,HP LaserJet Professional P1102,A4,1:2.10292,
F:\wood house 1403\29_mr_talebizade-1403.12.20\2D_CAD\mr_talebi_tv.dwg,Model,5/25/2025 09:30:55,asus,HP LaserJet Professional P1102,A4,1:2.08833,
F:\wood house 1403\29_mr_talebizade-1403.12.20\2D_CAD\mr_talebi_tv.dwg,Model,5/25/2025 09:32:06,asus,HP LaserJet Professional P1102,A4,1:2.87291,
F:\wood house 1403\29_mr_talebizade-1403.12.20\2D_CAD\mr_talebi_tv.dwg,Model,5/25/2025 09:36:03,asus,HP LaserJet Professional P1102,A4,1:2.87291,
F:\wood house 1403\29_mr_talebizade-1403.12.20\2D_CAD\mr_talebi_tv.dwg,Model,5/25/2025 10:21:24,asus,Microsoft Print to PDF,A4,1:2.77989,
F:\wood house 1403\29_mr_talebizade-1403.12.20\2D_CAD\mr_talebi_tv.dwg,Model,5/25/2025 10:22:00,asus,Microsoft Print to PDF,A4,1:2.77989,
F:\wood house 1403\29_mr_talebizade-1403.12.20\2D_CAD\mr_talebi_shoesBox.dwg,Model,5/25/2025 10:24:23,asus,Microsoft Print to PDF,A4,1:2.02814,
F:\wood house 1403\29_mr_talebizade-1403.12.20\2D_CAD\mr_talebi_shoesBox.dwg,Model,5/25/2025 10:28:00,asus,Microsoft Print to PDF,A4,1:2.03483,
F:\wood house 1403\29_mr_talebizade-1403.12.20\2D_CAD\mr_talebi_tv.dwg,Model,5/25/2025 10:28:49,asus,Microsoft Print to PDF,A4,1:2.03483,
F:\wood house 1403\29_mr_talebizade-1403.12.20\2D_CAD\mr_talebi_tv.dwg,Model,5/25/2025 10:29:25,asus,Microsoft Print to PDF,A4,1:2.03483,
F:\woodhouse 1404\6_mr_hajkhalili_1404.2.10\cad_2d\mr_hajkhalili_tv_wall.dwg,Model,5/25/2025 10:36:52,asus,Microsoft Print to PDF,A4,1:2.03483,
F:\woodhouse 1404\6_mr_hajkhalili_1404.2.10\cad_2d\mr_hajkhalili_tv_wall.dwg,Model,5/25/2025 10:37:15,asus,Microsoft Print to PDF,A4,1:2.03483,
F:\woodhouse 1404\6_mr_hajkhalili_1404.2.10\cad_2d\mr_hajkhalili_tv_wall.dwg,Model,5/25/2025 10:37:29,asus,Microsoft Print to PDF,A4,1:2.93915,
F:\woodhouse 1404\6_mr_hajkhalili_1404.2.10\cad_2d\mr_hajkhalili_room.dwg,Model,5/25/2025 10:40:06,asus,Microsoft Print to PDF,A4,1:2.03483,
F:\woodhouse 1404\6_mr_hajkhalili_1404.2.10\cad_2d\mr_hajkhalili_room.dwg,Model,5/25/2025 10:40:26,asus,Microsoft Print to PDF,A4,1:2.03483,
F:\woodhouse 1404\6_mr_hajkhalili_1404.2.10\cad_2d\mr_hajkhalili_room.dwg,Model,5/25/2025 10:40:41,asus,Microsoft Print to PDF,A4,1:2.03483,
F:\woodhouse 1404\6_mr_hajkhalili_1404.2.10\cad_2d\mr_hajkhalili_room.dwg,Model,5/25/2025 10:41:08,asus,Microsoft Print to PDF,A4,1:2.25567,
F:\woodhouse 1404\6_mr_hajkhalili_1404.2.10\cad_2d\mr_hajkhalili_shoes_box.dwg,Model,5/25/2025 10:45:02,asus,Microsoft Print to PDF,A4,1:2.8634,
F:\woodhouse 1404\6_mr_hajkhalili_1404.2.10\cad_2d\mr_hajkhalili_shoes_box.dwg,Model,5/25/2025 10:45:13,asus,Microsoft Print to PDF,A4,1:2.0299,
F:\woodhouse 1404\6_mr_hajkhalili_1404.2.10\cad_2d\mr_hajkhalili_shoes_box.dwg,Model,5/25/2025 10:45:34,asus,Microsoft Print to PDF,A4,1:2.03483,
F:\woodhouse 1404\6_mr_hajkhalili_1404.2.10\cad_2d\mr_hajkhalili_shoes_box.dwg,Model,5/25/2025 10:45:47,asus,Microsoft Print to PDF,A4,1:1.7736,
